<?xml version="1.0" encoding="UTF-8"?>
<!-- Generated by org.testng.reporters.JUnitReportReporter -->
<testsuite hostname="C02HF793Q6L5" failures="0" tests="3" name="Automation.tests.SubmitOrderTest" time="75.147" errors="0" timestamp="2023-04-27T16:54:35 IST" skipped="0">
  <testcase classname="Automation.tests.SubmitOrderTest" name="SubmitOrder" time="28.165"/>
  <system-out/>
  <testcase classname="Automation.tests.SubmitOrderTest" name="SubmitOrder" time="30.202"/>
  <system-out/>
  <testcase classname="Automation.tests.SubmitOrderTest" name="OrderHistoryTest" time="16.780"/>
  <system-out/>
</testsuite> <!-- Automation.tests.SubmitOrderTest -->
