<?xml version="1.0" encoding="UTF-8"?>
<!-- Generated by org.testng.reporters.JUnitReportReporter -->
<testsuite hostname="C02HF793Q6L5" failures="0" tests="1" name="Automation.tests.ErrorValidation" time="13.468" errors="0" timestamp="2023-04-19T19:33:26 IST" skipped="0">
  <testcase classname="Automation.tests.ErrorValidation" name="SubmitOrder" time="13.468"/>
  <system-out/>
</testsuite> <!-- Automation.tests.ErrorValidation -->
